0 info it worked if it ends with ok
1 verbose cli [ 'D:\\Program Files\\nodejs\\node.exe',
1 verbose cli   'D:\\Program Files\\nodejs\\node_modules\\npm\\bin\\npm-cli.js',
1 verbose cli   'start' ]
2 info using npm@3.8.6
3 info using node@v5.12.0
4 verbose run-script [ 'prestart', 'start', 'poststart' ]
5 info lifecycle kuaisd@2.1.2~prestart: kuaisd@2.1.2
6 silly lifecycle kuaisd@2.1.2~prestart: no script for prestart, continuing
7 info lifecycle kuaisd@2.1.2~start: kuaisd@2.1.2
8 verbose lifecycle kuaisd@2.1.2~start: unsafe-perm in lifecycle true
9 verbose lifecycle kuaisd@2.1.2~start: PATH: D:\Program Files\nodejs\node_modules\npm\bin\node-gyp-bin;F:\develop\kuaisd\node_modules\.bin;D:\Program Files\nodejs;C:\Program Files (x86)\Intel\iCLS Client\;C:\Program Files\Intel\iCLS Client\;C:\Windows\system32;C:\Windows;C:\Windows\System32\Wbem;C:\Windows\System32\WindowsPowerShell\v1.0\;C:\Program Files (x86)\Intel\Intel(R) Management Engine Components\DAL;C:\Program Files\Intel\Intel(R) Management Engine Components\DAL;C:\Program Files (x86)\Intel\Intel(R) Management Engine Components\IPT;C:\Program Files\Intel\Intel(R) Management Engine Components\IPT;D:\Program Files\Java\apache-maven-3.1.1\bin;D:\Program Files\Java\jdk1.7.0_67\bin;D:\Program Files\Java\jdk1.7.0_67\jre\bin;C:\Program Files\Git\cmd;D:\Program Files\nodejs\;C:\Users\Arley Joe\AppData\Local\Microsoft\WindowsApps;C:\Users\Arley Joe\AppData\Roaming\npm;C:\Program Files (x86)\Cesoft\CAD Server 2016;C:\Users\Arley Joe\AppData\Local\Microsoft\WindowsApps;C:\Users\Arley Joe\AppData\Roaming\npm
10 verbose lifecycle kuaisd@2.1.2~start: CWD: F:\develop\kuaisd
11 silly lifecycle kuaisd@2.1.2~start: Args: [ '/d /s /c', 'node ./bin/www' ]
12 silly lifecycle kuaisd@2.1.2~start: Returned: code: 1  signal: null
13 info lifecycle kuaisd@2.1.2~start: Failed to exec start script
14 verbose stack Error: kuaisd@2.1.2 start: `node ./bin/www`
14 verbose stack Exit status 1
14 verbose stack     at EventEmitter.<anonymous> (D:\Program Files\nodejs\node_modules\npm\lib\utils\lifecycle.js:239:16)
14 verbose stack     at emitTwo (events.js:100:13)
14 verbose stack     at EventEmitter.emit (events.js:185:7)
14 verbose stack     at ChildProcess.<anonymous> (D:\Program Files\nodejs\node_modules\npm\lib\utils\spawn.js:24:14)
14 verbose stack     at emitTwo (events.js:100:13)
14 verbose stack     at ChildProcess.emit (events.js:185:7)
14 verbose stack     at maybeClose (internal/child_process.js:850:16)
14 verbose stack     at Process.ChildProcess._handle.onexit (internal/child_process.js:215:5)
15 verbose pkgid kuaisd@2.1.2
16 verbose cwd F:\develop\kuaisd
17 error Windows_NT 10.0.15063
18 error argv "D:\\Program Files\\nodejs\\node.exe" "D:\\Program Files\\nodejs\\node_modules\\npm\\bin\\npm-cli.js" "start"
19 error node v5.12.0
20 error npm  v3.8.6
21 error code ELIFECYCLE
22 error kuaisd@2.1.2 start: `node ./bin/www`
22 error Exit status 1
23 error Failed at the kuaisd@2.1.2 start script 'node ./bin/www'.
23 error Make sure you have the latest version of node.js and npm installed.
23 error If you do, this is most likely a problem with the kuaisd package,
23 error not with npm itself.
23 error Tell the author that this fails on your system:
23 error     node ./bin/www
23 error You can get information on how to open an issue for this project with:
23 error     npm bugs kuaisd
23 error Or if that isn't available, you can get their info via:
23 error     npm owner ls kuaisd
23 error There is likely additional logging output above.
24 verbose exit [ 1, true ]
